Time start: 2023-10-08 17:13:59.208765
Function name: hello_world
Arguments: (),{}
Result: Hello World

Time start: 2023-10-08 17:13:59.209750
Function name: summator
Arguments: (2, 2),{}
Result: 4

Time start: 2023-10-08 17:13:59.210101
Function name: div
Arguments: (6, 2),{}
Result: 3.0

Time start: 2023-10-08 17:13:59.210366
Function name: summator
Arguments: (4.3,),{'b': 2.2}
Result: 6.5

Time start: 2023-10-08 17:13:59.210366
Function name: summator
Arguments: (),{'a': 0, 'b': 0}
Result: 0

